{"D:\\Maestria arquitectura de software\\Nivel2\\Arquitectura de aplicaciones web\\Unidad4\\actividad_sumativa_u4\\graphql-backend\\index.js": {"path":"D:\\Maestria arquitectura de software\\Nivel2\\Arquitectura de aplicaciones web\\Unidad4\\actividad_sumativa_u4\\graphql-backend\\index.js","statementMap":{"0":{"start":{"line":1,"column":16},"end":{"line":1,"column":34}},"1":{"start":{"line":2,"column":25},"end":{"line":2,"column":57}},"2":{"start":{"line":3,"column":18},"end":{"line":3,"column":46}},"3":{"start":{"line":4,"column":17},"end":{"line":4,"column":44}},"4":{"start":{"line":5,"column":18},"end":{"line":5,"column":48}},"5":{"start":{"line":8,"column":14},"end":{"line":8,"column":23}},"6":{"start":{"line":9,"column":17},"end":{"line":9,"column":58}},"7":{"start":{"line":10,"column":2},"end":{"line":10,"column":23}},"8":{"start":{"line":11,"column":2},"end":{"line":11,"column":34}},"9":{"start":{"line":13,"column":2},"end":{"line":13,"column":41}},"10":{"start":{"line":14,"column":2},"end":{"line":14,"column":44}},"11":{"start":{"line":16,"column":2},"end":{"line":20,"column":5}},"12":{"start":{"line":17,"column":6},"end":{"line":19,"column":9}},"13":{"start":{"line":18,"column":8},"end":{"line":18,"column":92}},"14":{"start":{"line":22,"column":4},"end":{"line":22,"column":15}},"15":{"start":{"line":25,"column":0},"end":{"line":27,"column":1}},"16":{"start":{"line":26,"column":2},"end":{"line":26,"column":16}},"17":{"start":{"line":29,"column":0},"end":{"line":29,"column":29}}},"fnMap":{"0":{"name":"startServer","decl":{"start":{"line":7,"column":15},"end":{"line":7,"column":26}},"loc":{"start":{"line":7,"column":29},"end":{"line":23,"column":1}},"line":7},"1":{"name":"(anonymous_1)","decl":{"start":{"line":17,"column":23},"end":{"line":17,"column":24}},"loc":{"start":{"line":17,"column":29},"end":{"line":19,"column":7}},"line":17}},"branchMap":{"0":{"loc":{"start":{"line":16,"column":2},"end":{"line":20,"column":5}},"type":"if","locations":[{"start":{"line":16,"column":2},"end":{"line":20,"column":5}},{"start":{},"end":{}}],"line":16},"1":{"loc":{"start":{"line":25,"column":0},"end":{"line":27,"column":1}},"type":"if","locations":[{"start":{"line":25,"column":0},"end":{"line":27,"column":1}},{"start":{},"end":{}}],"line":25}},"s":{"0":1,"1":1,"2":1,"3":1,"4":1,"5":1,"6":1,"7":1,"8":1,"9":1,"10":1,"11":1,"12":0,"13":0,"14":1,"15":1,"16":0,"17":1},"f":{"0":1,"1":0},"b":{"0":[0,1],"1":[0,1]},"_coverageSchema":"1a1c01bbd47fc00a2c39e90264f33305004495a9","hash":"e8cfee77091ad53ef642826ac81612f33e22f100"}
,"D:\\Maestria arquitectura de software\\Nivel2\\Arquitectura de aplicaciones web\\Unidad4\\actividad_sumativa_u4\\graphql-backend\\config\\database.js": {"path":"D:\\Maestria arquitectura de software\\Nivel2\\Arquitectura de aplicaciones web\\Unidad4\\actividad_sumativa_u4\\graphql-backend\\config\\database.js","statementMap":{"0":{"start":{"line":1,"column":22},"end":{"line":1,"column":42}},"1":{"start":{"line":3,"column":18},"end":{"line":7,"column":2}},"2":{"start":{"line":9,"column":0},"end":{"line":9,"column":27}}},"fnMap":{},"branchMap":{},"s":{"0":1,"1":1,"2":1},"f":{},"b":{},"_coverageSchema":"1a1c01bbd47fc00a2c39e90264f33305004495a9","hash":"9ca141a3bee9266decb14f84f87080d8f5bc0714"}
,"D:\\Maestria arquitectura de software\\Nivel2\\Arquitectura de aplicaciones web\\Unidad4\\actividad_sumativa_u4\\graphql-backend\\graphql\\resolvers.js": {"path":"D:\\Maestria arquitectura de software\\Nivel2\\Arquitectura de aplicaciones web\\Unidad4\\actividad_sumativa_u4\\graphql-backend\\graphql\\resolvers.js","statementMap":{"0":{"start":{"line":1,"column":17},"end":{"line":1,"column":46}},"1":{"start":{"line":3,"column":18},"end":{"line":38,"column":1}},"2":{"start":{"line":6,"column":6},"end":{"line":7,"column":70}},"3":{"start":{"line":6,"column":12},"end":{"line":6,"column":44}},"4":{"start":{"line":7,"column":22},"end":{"line":7,"column":68}},"5":{"start":{"line":10,"column":6},"end":{"line":14,"column":57}},"6":{"start":{"line":11,"column":25},"end":{"line":11,"column":52}},"7":{"start":{"line":12,"column":8},"end":{"line":12,"column":65}},"8":{"start":{"line":12,"column":23},"end":{"line":12,"column":65}},"9":{"start":{"line":13,"column":8},"end":{"line":13,"column":24}},"10":{"start":{"line":14,"column":24},"end":{"line":14,"column":55}},"11":{"start":{"line":19,"column":6},"end":{"line":20,"column":70}},"12":{"start":{"line":19,"column":12},"end":{"line":19,"column":74}},"13":{"start":{"line":20,"column":22},"end":{"line":20,"column":68}},"14":{"start":{"line":23,"column":6},"end":{"line":28,"column":57}},"15":{"start":{"line":24,"column":25},"end":{"line":24,"column":52}},"16":{"start":{"line":25,"column":8},"end":{"line":25,"column":65}},"17":{"start":{"line":25,"column":23},"end":{"line":25,"column":65}},"18":{"start":{"line":26,"column":8},"end":{"line":26,"column":63}},"19":{"start":{"line":27,"column":8},"end":{"line":27,"column":24}},"20":{"start":{"line":28,"column":24},"end":{"line":28,"column":55}},"21":{"start":{"line":31,"column":6},"end":{"line":35,"column":57}},"22":{"start":{"line":32,"column":24},"end":{"line":32,"column":65}},"23":{"start":{"line":33,"column":8},"end":{"line":33,"column":64}},"24":{"start":{"line":33,"column":22},"end":{"line":33,"column":64}},"25":{"start":{"line":34,"column":8},"end":{"line":34,"column":50}},"26":{"start":{"line":35,"column":24},"end":{"line":35,"column":55}},"27":{"start":{"line":40,"column":0},"end":{"line":40,"column":27}}},"fnMap":{"0":{"name":"(anonymous_0)","decl":{"start":{"line":5,"column":22},"end":{"line":5,"column":23}},"loc":{"start":{"line":5,"column":34},"end":{"line":8,"column":5}},"line":5},"1":{"name":"(anonymous_1)","decl":{"start":{"line":9,"column":21},"end":{"line":9,"column":22}},"loc":{"start":{"line":9,"column":42},"end":{"line":15,"column":5}},"line":9},"2":{"name":"(anonymous_2)","decl":{"start":{"line":18,"column":19},"end":{"line":18,"column":20}},"loc":{"start":{"line":18,"column":65},"end":{"line":21,"column":5}},"line":18},"3":{"name":"(anonymous_3)","decl":{"start":{"line":22,"column":24},"end":{"line":22,"column":25}},"loc":{"start":{"line":22,"column":74},"end":{"line":29,"column":5}},"line":22},"4":{"name":"(anonymous_4)","decl":{"start":{"line":30,"column":22},"end":{"line":30,"column":23}},"loc":{"start":{"line":30,"column":43},"end":{"line":36,"column":5}},"line":30}},"branchMap":{"0":{"loc":{"start":{"line":12,"column":8},"end":{"line":12,"column":65}},"type":"if","locations":[{"start":{"line":12,"column":8},"end":{"line":12,"column":65}},{"start":{},"end":{}}],"line":12},"1":{"loc":{"start":{"line":25,"column":8},"end":{"line":25,"column":65}},"type":"if","locations":[{"start":{"line":25,"column":8},"end":{"line":25,"column":65}},{"start":{},"end":{}}],"line":25},"2":{"loc":{"start":{"line":33,"column":8},"end":{"line":33,"column":64}},"type":"if","locations":[{"start":{"line":33,"column":8},"end":{"line":33,"column":64}},{"start":{},"end":{}}],"line":33}},"s":{"0":1,"1":1,"2":1,"3":1,"4":0,"5":2,"6":2,"7":2,"8":1,"9":1,"10":1,"11":1,"12":1,"13":0,"14":1,"15":1,"16":1,"17":0,"18":1,"19":1,"20":0,"21":1,"22":1,"23":1,"24":0,"25":1,"26":0,"27":1},"f":{"0":1,"1":2,"2":1,"3":1,"4":1},"b":{"0":[1,1],"1":[0,1],"2":[0,1]},"_coverageSchema":"1a1c01bbd47fc00a2c39e90264f33305004495a9","hash":"a39c690e88bb7b834ef9f67535ba74387eeee496"}
,"D:\\Maestria arquitectura de software\\Nivel2\\Arquitectura de aplicaciones web\\Unidad4\\actividad_sumativa_u4\\graphql-backend\\graphql\\schema.js": {"path":"D:\\Maestria arquitectura de software\\Nivel2\\Arquitectura de aplicaciones web\\Unidad4\\actividad_sumativa_u4\\graphql-backend\\graphql\\schema.js","statementMap":{"0":{"start":{"line":1,"column":16},"end":{"line":1,"column":48}},"1":{"start":{"line":3,"column":17},"end":{"line":21,"column":1}},"2":{"start":{"line":23,"column":0},"end":{"line":23,"column":26}}},"fnMap":{},"branchMap":{},"s":{"0":1,"1":1,"2":1},"f":{},"b":{},"_coverageSchema":"1a1c01bbd47fc00a2c39e90264f33305004495a9","hash":"961470f3e2c82bfe16207b32f67abe78444c33ab"}
,"D:\\Maestria arquitectura de software\\Nivel2\\Arquitectura de aplicaciones web\\Unidad4\\actividad_sumativa_u4\\graphql-backend\\models\\Producto.js": {"path":"D:\\Maestria arquitectura de software\\Nivel2\\Arquitectura de aplicaciones web\\Unidad4\\actividad_sumativa_u4\\graphql-backend\\models\\Producto.js","statementMap":{"0":{"start":{"line":1,"column":22},"end":{"line":1,"column":42}},"1":{"start":{"line":2,"column":18},"end":{"line":2,"column":47}},"2":{"start":{"line":4,"column":17},"end":{"line":21,"column":2}},"3":{"start":{"line":23,"column":0},"end":{"line":23,"column":26}}},"fnMap":{},"branchMap":{},"s":{"0":1,"1":1,"2":1,"3":1},"f":{},"b":{},"_coverageSchema":"1a1c01bbd47fc00a2c39e90264f33305004495a9","hash":"60c67576b4511e89bf2ac3429c4a1bdecdf1dd69"}
}
